mode: set
github.com/go/gorecords/handler/gender.go:14.53,16.16 2 1
github.com/go/gorecords/handler/gender.go:21.2,24.16 3 1
github.com/go/gorecords/handler/gender.go:28.2,28.38 1 1
github.com/go/gorecords/handler/gender.go:16.16,20.3 3 1
github.com/go/gorecords/handler/gender.go:24.16,27.3 2 0
github.com/go/gorecords/handler/name.go:11.51,13.16 2 1
github.com/go/gorecords/handler/name.go:18.2,20.16 3 1
github.com/go/gorecords/handler/name.go:25.2,25.38 1 1
github.com/go/gorecords/handler/name.go:13.16,17.3 3 1
github.com/go/gorecords/handler/name.go:20.16,24.3 3 0
github.com/go/gorecords/handler/record.go:18.53,20.16 2 1
github.com/go/gorecords/handler/record.go:24.2,26.35 3 1
github.com/go/gorecords/handler/record.go:36.2,36.55 1 1
github.com/go/gorecords/handler/record.go:41.2,41.48 1 1
github.com/go/gorecords/handler/record.go:20.16,23.3 2 0
github.com/go/gorecords/handler/record.go:26.35,28.3 1 1
github.com/go/gorecords/handler/record.go:28.8,28.41 1 1
github.com/go/gorecords/handler/record.go:28.41,30.3 1 1
github.com/go/gorecords/handler/record.go:30.8,30.40 1 1
github.com/go/gorecords/handler/record.go:30.40,32.3 1 1
github.com/go/gorecords/handler/record.go:32.8,35.3 1 1
github.com/go/gorecords/handler/record.go:36.55,39.3 2 1
github.com/go/gorecords/handler/badPathHandler.go:8.61,11.2 2 1
github.com/go/gorecords/handler/birthday.go:12.55,15.16 3 1
github.com/go/gorecords/handler/birthday.go:20.2,23.16 3 1
github.com/go/gorecords/handler/birthday.go:28.2,28.38 1 1
github.com/go/gorecords/handler/birthday.go:15.16,19.3 3 1
github.com/go/gorecords/handler/birthday.go:23.16,27.3 3 0
github.com/go/gorecords/service/processFile.go:29.52,30.29 1 1
github.com/go/gorecords/service/processFile.go:47.2,47.18 1 1
github.com/go/gorecords/service/processFile.go:30.29,33.17 3 1
github.com/go/gorecords/service/processFile.go:36.3,39.22 3 1
github.com/go/gorecords/service/processFile.go:43.3,43.39 1 1
github.com/go/gorecords/service/processFile.go:33.17,35.4 1 1
github.com/go/gorecords/service/processFile.go:39.22,41.4 1 1
github.com/go/gorecords/service/processFile.go:43.39,45.4 1 0
github.com/go/gorecords/service/processFile.go:50.45,52.36 2 1
github.com/go/gorecords/service/processFile.go:59.2,61.18 2 1
github.com/go/gorecords/service/processFile.go:52.36,54.3 1 0
github.com/go/gorecords/service/processFile.go:54.8,54.42 1 1
github.com/go/gorecords/service/processFile.go:54.42,56.3 1 1
github.com/go/gorecords/service/processFile.go:56.8,58.3 1 1
github.com/go/gorecords/service/processFile.go:64.62,67.16 3 1
github.com/go/gorecords/service/processFile.go:71.2,73.56 2 0
github.com/go/gorecords/service/processFile.go:77.2,77.18 1 0
github.com/go/gorecords/service/processFile.go:67.16,70.3 2 1
github.com/go/gorecords/service/processFile.go:73.56,76.3 2 0
github.com/go/gorecords/service/sort.go:9.21,10.49 1 1
github.com/go/gorecords/service/sort.go:10.49,11.83 1 1
github.com/go/gorecords/service/sort.go:11.83,13.4 1 1
github.com/go/gorecords/service/sort.go:13.9,13.86 1 1
github.com/go/gorecords/service/sort.go:13.86,15.4 1 1
github.com/go/gorecords/service/sort.go:15.9,17.4 1 1
github.com/go/gorecords/service/sort.go:22.23,23.49 1 1
github.com/go/gorecords/service/sort.go:23.49,23.115 1 1
github.com/go/gorecords/service/sort.go:26.23,27.49 1 1
github.com/go/gorecords/service/sort.go:27.49,29.17 2 1
github.com/go/gorecords/service/sort.go:32.3,33.17 2 1
github.com/go/gorecords/service/sort.go:36.3,36.26 1 1
github.com/go/gorecords/service/sort.go:29.17,31.4 1 0
github.com/go/gorecords/service/sort.go:33.17,35.4 1 0
github.com/go/gorecords/cmd/server.go:14.47,16.2 1 0
github.com/go/gorecords/cmd/records.go:27.13,33.2 4 1
github.com/go/gorecords/cmd/records.go:40.53,42.16 2 0
github.com/go/gorecords/cmd/records.go:42.16,46.3 3 0
github.com/go/gorecords/cmd/records.go:48.50,49.50 1 1
github.com/go/gorecords/cmd/records.go:53.2,56.16 3 1
github.com/go/gorecords/cmd/records.go:62.2,63.16 2 1
github.com/go/gorecords/cmd/records.go:68.2,69.33 2 1
github.com/go/gorecords/cmd/records.go:49.50,52.3 2 1
github.com/go/gorecords/cmd/records.go:56.16,60.3 2 1
github.com/go/gorecords/cmd/records.go:63.16,66.3 2 0
github.com/go/gorecords/cmd/records.go:73.20,74.14 1 1
github.com/go/gorecords/cmd/records.go:77.2,77.16 1 1
github.com/go/gorecords/cmd/records.go:80.2,80.16 1 1
github.com/go/gorecords/cmd/records.go:74.14,76.3 1 1
github.com/go/gorecords/cmd/records.go:77.16,79.3 1 1
github.com/go/gorecords/cmd/records.go:80.16,82.3 1 1
github.com/go/gorecords/cmd/records.go:85.54,86.21 1 1
github.com/go/gorecords/cmd/records.go:91.2,91.35 1 1
github.com/go/gorecords/cmd/records.go:96.2,96.18 1 1
github.com/go/gorecords/cmd/records.go:86.21,90.3 3 1
github.com/go/gorecords/cmd/records.go:91.35,95.3 3 1
github.com/go/gorecords/cmd/root.go:12.16,14.2 1 0
github.com/go/gorecords/cmd/root.go:16.13,21.2 2 1
